Checking whether the ASM_MASM compiler is GNU using "--version" did not match "(GNU assembler)|(GCC)|(Free Software Foundation)":
Microsoft (R) Macro Assembler (x64) Version 14.16.27034.0
Copyright (C) Microsoft Corporation.  All rights reserved.

MASM : warning A4018:invalid command-line option : --version
MASM : fatal error A1017:missing source filename
Checking whether the ASM_MASM compiler is HP using "-V" did not match "HP C":
Microsoft (R) Macro Assembler (x64) Version 14.16.27034.0
Copyright (C) Microsoft Corporation.  All rights reserved.

MASM : warning A4018:invalid command-line option : -V
MASM : fatal error A1017:missing source filename
Checking whether the ASM_MASM compiler is Intel using "--version" did not match "(ICC)":
Microsoft (R) Macro Assembler (x64) Version 14.16.27034.0
Copyright (C) Microsoft Corporation.  All rights reserved.

MASM : warning A4018:invalid command-line option : --version
MASM : fatal error A1017:missing source filename
Checking whether the ASM_MASM compiler is SunPro using "-V" did not match "Sun C":
Microsoft (R) Macro Assembler (x64) Version 14.16.27034.0
Copyright (C) Microsoft Corporation.  All rights reserved.

MASM : warning A4018:invalid command-line option : -V
MASM : fatal error A1017:missing source filename
Checking whether the ASM_MASM compiler is XL using "-qversion" did not match "XL C":
Microsoft (R) Macro Assembler (x64) Version 14.16.27034.0
Copyright (C) Microsoft Corporation.  All rights reserved.

MASM : warning A4018:invalid command-line option : -qversion
MASM : fatal error A1017:missing source filename
Performing C SOURCE FILE Test SPECTRE_MITIGATION_C_FLAGS_SUPPORTED failed with the following output:
Change Dir: C:/Users/brmclare/openenclave/tests/fuzztests/CMakeFiles/CMakeTmp

Run Build Command:"C:/PROGRA~2/MICROS~1/2017/BUILDT~1/Common7/IDE/COMMON~1/MICROS~1/CMake/Ninja/ninja.exe" "cmTC_c8a7d"
[1/2] Building C object CMakeFiles\cmTC_c8a7d.dir\src.c.obj
cl : Command line warning D9002 : ignoring unknown option '-mllvm'
cl : Command line warning D9002 : ignoring unknown option '-x86-speculative-load-hardening'
[2/2] Linking C executable cmTC_c8a7d.exe

Source file was:
int main(void) { return 0; }
Performing C++ SOURCE FILE Test SPECTRE_MITIGATION_CXX_FLAGS_SUPPORTED failed with the following output:
Change Dir: C:/Users/brmclare/openenclave/tests/fuzztests/CMakeFiles/CMakeTmp

Run Build Command:"C:/PROGRA~2/MICROS~1/2017/BUILDT~1/Common7/IDE/COMMON~1/MICROS~1/CMake/Ninja/ninja.exe" "cmTC_b9029"
[1/2] Building CXX object CMakeFiles\cmTC_b9029.dir\src.cxx.obj
cl : Command line warning D9002 : ignoring unknown option '-mllvm'
cl : Command line warning D9002 : ignoring unknown option '-x86-speculative-load-hardening'
[2/2] Linking CXX executable cmTC_b9029.exe

Source file was:
int main() { return 0; }
Determining if the include file pthread.h exists failed with the following output:
Change Dir: C:/Users/brmclare/openenclave/tests/fuzztests/CMakeFiles/CMakeTmp

Run Build Command:"C:/PROGRA~2/MICROS~1/2017/BUILDT~1/Common7/IDE/COMMON~1/MICROS~1/CMake/Ninja/ninja.exe" "cmTC_3757f"
[1/2] Building C object CMakeFiles\cmTC_3757f.dir\CheckIncludeFile.c.obj
FAILED: CMakeFiles/cmTC_3757f.dir/CheckIncludeFile.c.obj 
C:\PROGRA~2\MICROS~1\2017\BUILDT~1\VC\Tools\MSVC\1416~1.270\bin\Hostx64\x64\cl.exe  /nologo   /DWIN32 /D_WINDOWS /W3  /MDd /Zi /Ob0 /Od /RTC1 /showIncludes /FoCMakeFiles\cmTC_3757f.dir\CheckIncludeFile.c.obj /FdCMakeFiles\cmTC_3757f.dir\ /FS -c CheckIncludeFile.c
CheckIncludeFile.c(1): fatal error C1083: Cannot open include file: 'pthread.h': No such file or directory
ninja: build stopped: subcommand failed.


Determining if the getopt_long exist failed with the following output:
Change Dir: C:/Users/brmclare/openenclave/tests/fuzztests/CMakeFiles/CMakeTmp

Run Build Command:"C:/PROGRA~2/MICROS~1/2017/BUILDT~1/Common7/IDE/COMMON~1/MICROS~1/CMake/Ninja/ninja.exe" "cmTC_ee64d"
[1/2] Building C object CMakeFiles\cmTC_ee64d.dir\CheckSymbolExists.c.obj
FAILED: CMakeFiles/cmTC_ee64d.dir/CheckSymbolExists.c.obj 
C:\PROGRA~2\MICROS~1\2017\BUILDT~1\VC\Tools\MSVC\1416~1.270\bin\Hostx64\x64\cl.exe  /nologo   /DWIN32 /D_WINDOWS /W3  /MDd /Zi /Ob0 /Od /RTC1 /showIncludes /FoCMakeFiles\cmTC_ee64d.dir\CheckSymbolExists.c.obj /FdCMakeFiles\cmTC_ee64d.dir\ /FS -c CheckSymbolExists.c
CheckSymbolExists.c(2): fatal error C1083: Cannot open include file: 'getopt.h': No such file or directory
ninja: build stopped: subcommand failed.

File C:/Users/brmclare/openenclave/tests/fuzztests/CMakeFiles/CMakeTmp/CheckSymbolExists.c:
/* */
#include <getopt.h>

int main(int argc, char** argv)
{
  (void)argv;
#ifndef getopt_long
  return ((int*)(&getopt_long))[argc];
#else
  (void)argc;
  return 0;
#endif
}

